\BOOKMARK [0][-]{chapter*.1}{\376\377\000I\000n\000t\000r\000o\000d\000u\000c\000t\000i\000o\000n}{}% 1
\BOOKMARK [0][-]{chapter*.3}{\376\377\000F\000e\000a\000t\000u\000r\000e\000s}{}% 2
\BOOKMARK [0][-]{chapter*.4}{\376\377\000P\000r\000o\000b\000l\000e\000m\000\040\000S\000t\000a\000t\000e\000m\000e\000n\000t}{}% 3
\BOOKMARK [0][-]{chapter*.5}{\376\377\000P\000r\000o\000b\000l\000e\000m\000\040\000S\000o\000l\000u\000t\000i\000o\000n}{}% 4
\BOOKMARK [0][-]{chapter*.6}{\376\377\000S\000t\000a\000t\000u\000s}{}% 5
\BOOKMARK [0][-]{chapter*.7}{\376\377\000L\000e\000s\000s\000o\000n\000s\000\040\000L\000e\000a\000r\000n\000e\000d}{}% 6
\BOOKMARK [0][-]{chapter*.8}{\376\377\000R\000e\000s\000u\000l\000t\000s}{}% 7
\BOOKMARK [0][-]{chapter*.9}{\376\377\000C\000o\000n\000c\000l\000u\000s\000i\000o\000n}{}% 8
\BOOKMARK [0][-]{chapter*.10}{\376\377\000F\000u\000t\000u\000r\000e\000\040\000W\000o\000r\000k}{}% 9
\BOOKMARK [0][-]{chapter*.11}{\376\377\000P\000r\000o\000p\000e\000r\000\040\000R\000e\000f\000e\000r\000e\000n\000c\000e\000s}{}% 10
\BOOKMARK [0][-]{chapter*.12}{\376\377\000P\000r\000o\000p\000e\000r\000\040\000I\000m\000a\000g\000e\000s}{}% 11
\BOOKMARK [0][-]{chapter*.13}{\376\377\000C\000o\000d\000e\000\040\000i\000n\000\040\000A\000p\000p\000e\000n\000d\000i\000x}{}% 12
\BOOKMARK [0][-]{chapter*.14}{\376\377\000O\000v\000e\000r\000v\000i\000e\000w}{}% 13
\BOOKMARK [0][-]{chapter.1}{\376\377\000C\000o\000d\000e\000\040\000D\000o\000c\000u\000m\000e\000n\000t\000a\000t\000i\000o\000n}{}% 14
\BOOKMARK [1][-]{section.1.1}{\376\377\000C\000o\000d\000e\000b\000a\000s\000e\000\040\000S\000t\000r\000u\000c\000t\000u\000r\000e}{chapter.1}% 15
\BOOKMARK [1][-]{section.1.2}{\376\377\000s\000r\000c}{chapter.1}% 16
\BOOKMARK [2][-]{subsection.1.2.1}{\376\377\000m\000a\000i\000n\000.\000c\000p\000p}{section.1.2}% 17
\BOOKMARK [1][-]{section.1.3}{\376\377\000D\000a\000t\000a}{chapter.1}% 18
\BOOKMARK [2][-]{subsection.1.3.1}{\376\377\000l\000i\000v\000e\000\137\000s\000e\000r\000i\000a\000l\000\137\000m\000o\000n\000i\000t\000o\000r\000i\000n\000g\000.\000p\000y}{section.1.3}% 19
\BOOKMARK [2][-]{subsection.1.3.2}{\376\377\000p\000o\000s\000t\000\137\000d\000a\000t\000a\000\137\000p\000r\000o\000c\000e\000s\000s\000i\000n\000g\000.\000p\000y}{section.1.3}% 20
\BOOKMARK [1][-]{section.1.4}{\376\377\000D\000o\000c\000u\000m\000e\000n\000t\000a\000t\000i\000o\000n}{chapter.1}% 21
\BOOKMARK [2][-]{subsection.1.4.1}{\376\377\000c\000h\000a\000n\000g\000e\000l\000o\000g\000.\000t\000x\000t}{section.1.4}% 22
\BOOKMARK [2][-]{subsection.1.4.2}{\376\377\000L\000a\000T\000e\000X}{section.1.4}% 23
\BOOKMARK [1][-]{section.1.5}{\376\377\000I\000m\000a\000g\000e\000s}{chapter.1}% 24
\BOOKMARK [1][-]{section.1.6}{\376\377\000U\000t\000i\000l\000i\000t\000i\000e\000s}{chapter.1}% 25
\BOOKMARK [0][-]{chapter.2}{\376\377\000H\000a\000r\000d\000w\000a\000r\000e}{}% 26
\BOOKMARK [0][-]{chapter.3}{\376\377\000S\000o\000f\000t\000w\000a\000r\000e\000\040\000R\000e\000q\000u\000i\000r\000e\000m\000e\000n\000t\000s}{}% 27
